                              1 ;--------------------------------------------------------
                              2 ; File Created by SDCC : free open source ANSI-C Compiler
                              3 ; Version 3.3.0 #8604 (May 11 2013) (MINGW32)
                              4 ; This file was generated Sun Sep 22 12:22:07 2013
                              5 ;--------------------------------------------------------
                              6 	.module chacha
                              7 	.optsdcc -mz80
                              8 	
                              9 ;--------------------------------------------------------
                             10 ; Public variables in this module
                             11 ;--------------------------------------------------------
                             12 	.globl _main
                             13 	.globl _buf
                             14 	.globl _t_b
                             15 	.globl _t_a
                             16 	.globl _x
                             17 	.globl _print_crlf
                             18 	.globl _print_char
                             19 	.globl _PLUS4
                             20 	.globl _qr
                             21 ;--------------------------------------------------------
                             22 ; special function registers
                             23 ;--------------------------------------------------------
                             24 ;--------------------------------------------------------
                             25 ; ram data
                             26 ;--------------------------------------------------------
                             27 	.area _DATA
   0000                      28 _x::
   0000                      29 	.ds 64
   0040                      30 _t_a::
   0040                      31 	.ds 1
   0041                      32 _t_b::
   0041                      33 	.ds 1
   0042                      34 _buf::
   0042                      35 	.ds 8
                             36 ;--------------------------------------------------------
                             37 ; ram data
                             38 ;--------------------------------------------------------
                             39 	.area _INITIALIZED
                             40 ;--------------------------------------------------------
                             41 ; absolute external ram data
                             42 ;--------------------------------------------------------
                             43 	.area _DABS (ABS)
                             44 ;--------------------------------------------------------
                             45 ; global & static initialisations
                             46 ;--------------------------------------------------------
                             47 	.area _HOME
                             48 	.area _GSINIT
                             49 	.area _GSFINAL
                             50 	.area _GSINIT
                             51 ;--------------------------------------------------------
                             52 ; Home
                             53 ;--------------------------------------------------------
                             54 	.area _HOME
                             55 	.area _HOME
                             56 ;--------------------------------------------------------
                             57 ; code
                             58 ;--------------------------------------------------------
                             59 	.area _CODE
                             60 ;chacha.c:82: void main(){
                             61 ;	---------------------------------
                             62 ; Function main
                             63 ; ---------------------------------
   0000                      64 _main_start::
   0000                      65 _main:
   0000 DD E5         [15]   66 	push	ix
   0002 DD 21 00 00   [14]   67 	ld	ix,#0
   0006 DD 39         [15]   68 	add	ix,sp
   0008 3B            [ 6]   69 	dec	sp
                             70 ;chacha.c:85: for( i=0; i<64; i++ ) x[i]=0;
   0009 1E 00         [ 7]   71 	ld	e,#0x00
   000B                      72 00106$:
   000B 21r00r00      [10]   73 	ld	hl,#_x
   000E 16 00         [ 7]   74 	ld	d,#0x00
   0010 19            [11]   75 	add	hl, de
   0011 36 00         [10]   76 	ld	(hl),#0x00
   0013 1C            [ 4]   77 	inc	e
   0014 7B            [ 4]   78 	ld	a,e
   0015 D6 40         [ 7]   79 	sub	a, #0x40
   0017 38 F2         [12]   80 	jr	C,00106$
                             81 ;chacha.c:88: x[i++]='e';
   0019 21r00r00      [10]   82 	ld	hl,#_x
   001C 36 65         [10]   83 	ld	(hl),#0x65
                             84 ;chacha.c:89: x[i++]='x';
   001E 23            [ 6]   85 	inc	hl
   001F 36 78         [10]   86 	ld	(hl),#0x78
                             87 ;chacha.c:90: x[i++]='p';
   0021 21r02r00      [10]   88 	ld	hl,#_x + 2
   0024 36 70         [10]   89 	ld	(hl),#0x70
                             90 ;chacha.c:91: x[i++]='a';
   0026 21r03r00      [10]   91 	ld	hl,#_x + 3
   0029 36 61         [10]   92 	ld	(hl),#0x61
                             93 ;chacha.c:92: x[i++]='n';
   002B 21r04r00      [10]   94 	ld	hl,#_x + 4
   002E 36 6E         [10]   95 	ld	(hl),#0x6E
                             96 ;chacha.c:93: x[i++]='d';
   0030 21r05r00      [10]   97 	ld	hl,#_x + 5
   0033 36 64         [10]   98 	ld	(hl),#0x64
                             99 ;chacha.c:94: x[i++]=' ';
   0035 21r06r00      [10]  100 	ld	hl,#_x + 6
   0038 36 20         [10]  101 	ld	(hl),#0x20
                            102 ;chacha.c:95: x[i++]='3';
   003A 21r07r00      [10]  103 	ld	hl,#_x + 7
   003D 36 33         [10]  104 	ld	(hl),#0x33
                            105 ;chacha.c:96: x[i++]='2';
   003F 21r08r00      [10]  106 	ld	hl,#_x + 8
   0042 36 32         [10]  107 	ld	(hl),#0x32
                            108 ;chacha.c:97: x[i++]='-';
   0044 21r09r00      [10]  109 	ld	hl,#_x + 9
   0047 36 2D         [10]  110 	ld	(hl),#0x2D
                            111 ;chacha.c:98: x[i++]='b';
   0049 21r0Ar00      [10]  112 	ld	hl,#_x + 10
   004C 36 62         [10]  113 	ld	(hl),#0x62
                            114 ;chacha.c:99: x[i++]='y';
   004E 21r0Br00      [10]  115 	ld	hl,#_x + 11
   0051 36 79         [10]  116 	ld	(hl),#0x79
                            117 ;chacha.c:100: x[i++]='t';
   0053 21r0Cr00      [10]  118 	ld	hl,#_x + 12
   0056 36 74         [10]  119 	ld	(hl),#0x74
                            120 ;chacha.c:101: x[i++]='e';
   0058 21r0Dr00      [10]  121 	ld	hl,#_x + 13
   005B 36 65         [10]  122 	ld	(hl),#0x65
                            123 ;chacha.c:102: x[i++]=' ';
   005D 21r0Er00      [10]  124 	ld	hl,#_x + 14
   0060 36 20         [10]  125 	ld	(hl),#0x20
                            126 ;chacha.c:103: x[i++]='k';
   0062 21r0Fr00      [10]  127 	ld	hl,#_x + 15
   0065 36 6B         [10]  128 	ld	(hl),#0x6B
                            129 ;chacha.c:106: x[i++]=0;
   0067 21r30r00      [10]  130 	ld	hl,#_x + 48
   006A 36 00         [10]  131 	ld	(hl),#0x00
                            132 ;chacha.c:107: x[i++]=0;
   006C 21r31r00      [10]  133 	ld	hl,#_x + 49
   006F 36 00         [10]  134 	ld	(hl),#0x00
                            135 ;chacha.c:108: x[i++]=0;
   0071 21r32r00      [10]  136 	ld	hl,#_x + 50
   0074 36 00         [10]  137 	ld	(hl),#0x00
                            138 ;chacha.c:109: x[i++]=0;
   0076 21r33r00      [10]  139 	ld	hl,#_x + 51
   0079 36 00         [10]  140 	ld	(hl),#0x00
                            141 ;chacha.c:110: x[i++]=0;
   007B 21r34r00      [10]  142 	ld	hl,#_x + 52
   007E 36 00         [10]  143 	ld	(hl),#0x00
                            144 ;chacha.c:111: x[i++]=0;
   0080 21r35r00      [10]  145 	ld	hl,#_x + 53
   0083 36 00         [10]  146 	ld	(hl),#0x00
                            147 ;chacha.c:112: x[i++]=0;
   0085 21r36r00      [10]  148 	ld	hl,#_x + 54
   0088 36 00         [10]  149 	ld	(hl),#0x00
                            150 ;chacha.c:113: x[i++]=0;
   008A 21r37r00      [10]  151 	ld	hl,#_x + 55
   008D 36 00         [10]  152 	ld	(hl),#0x00
                            153 ;chacha.c:114: x[i++]=0;
   008F 21r38r00      [10]  154 	ld	hl,#_x + 56
   0092 36 00         [10]  155 	ld	(hl),#0x00
                            156 ;chacha.c:115: x[i++]=0;
   0094 21r39r00      [10]  157 	ld	hl,#_x + 57
   0097 36 00         [10]  158 	ld	(hl),#0x00
                            159 ;chacha.c:116: x[i++]=0;
   0099 21r3Ar00      [10]  160 	ld	hl,#_x + 58
   009C 36 00         [10]  161 	ld	(hl),#0x00
                            162 ;chacha.c:117: x[i++]=0;
   009E 21r3Br00      [10]  163 	ld	hl,#_x + 59
   00A1 36 00         [10]  164 	ld	(hl),#0x00
                            165 ;chacha.c:118: x[i++]=0;
   00A3 21r3Cr00      [10]  166 	ld	hl,#_x + 60
   00A6 36 00         [10]  167 	ld	(hl),#0x00
                            168 ;chacha.c:119: x[i++]=0;
   00A8 21r3Dr00      [10]  169 	ld	hl,#_x + 61
   00AB 36 00         [10]  170 	ld	(hl),#0x00
                            171 ;chacha.c:120: x[i++]=0;
   00AD 21r3Er00      [10]  172 	ld	hl,#_x + 62
   00B0 36 00         [10]  173 	ld	(hl),#0x00
                            174 ;chacha.c:121: x[i++]=0;
   00B2 21r3Fr00      [10]  175 	ld	hl,#_x + 63
   00B5 36 00         [10]  176 	ld	(hl),#0x00
                            177 ;chacha.c:124: for( i=0; i<8; i+=2 ){
   00B7 DD 36 FF 00   [19]  178 	ld	-1 (ix),#0x00
   00BB                     179 00108$:
                            180 ;chacha.c:126: qr( 0, 4, 8,12);
   00BB 21 08 0C      [10]  181 	ld	hl,#0x0C08
   00BE E5            [11]  182 	push	hl
   00BF 21 00 04      [10]  183 	ld	hl,#0x0400
   00C2 E5            [11]  184 	push	hl
   00C3 CDrE9r01      [17]  185 	call	_qr
   00C6 F1            [10]  186 	pop	af
                            187 ;chacha.c:127: qr( 1, 5, 9,13);
   00C7 21 09 0D      [10]  188 	ld	hl, #0x0D09
   00CA E3            [19]  189 	ex	(sp),hl
   00CB 21 01 05      [10]  190 	ld	hl,#0x0501
   00CE E5            [11]  191 	push	hl
   00CF CDrE9r01      [17]  192 	call	_qr
   00D2 F1            [10]  193 	pop	af
                            194 ;chacha.c:128: qr( 2, 6,10,14);
   00D3 21 0A 0E      [10]  195 	ld	hl, #0x0E0A
   00D6 E3            [19]  196 	ex	(sp),hl
   00D7 21 02 06      [10]  197 	ld	hl,#0x0602
   00DA E5            [11]  198 	push	hl
   00DB CDrE9r01      [17]  199 	call	_qr
   00DE F1            [10]  200 	pop	af
                            201 ;chacha.c:129: qr( 3, 7,11,15);
   00DF 21 0B 0F      [10]  202 	ld	hl, #0x0F0B
   00E2 E3            [19]  203 	ex	(sp),hl
   00E3 21 03 07      [10]  204 	ld	hl,#0x0703
   00E6 E5            [11]  205 	push	hl
   00E7 CDrE9r01      [17]  206 	call	_qr
   00EA F1            [10]  207 	pop	af
                            208 ;chacha.c:130: qr( 0, 5,10,15);
   00EB 21 0A 0F      [10]  209 	ld	hl, #0x0F0A
   00EE E3            [19]  210 	ex	(sp),hl
   00EF 21 00 05      [10]  211 	ld	hl,#0x0500
   00F2 E5            [11]  212 	push	hl
   00F3 CDrE9r01      [17]  213 	call	_qr
   00F6 F1            [10]  214 	pop	af
                            215 ;chacha.c:131: qr( 1, 6,11,12);
   00F7 21 0B 0C      [10]  216 	ld	hl, #0x0C0B
   00FA E3            [19]  217 	ex	(sp),hl
   00FB 21 01 06      [10]  218 	ld	hl,#0x0601
   00FE E5            [11]  219 	push	hl
   00FF CDrE9r01      [17]  220 	call	_qr
   0102 F1            [10]  221 	pop	af
                            222 ;chacha.c:132: qr( 2, 7, 8,13);
   0103 21 08 0D      [10]  223 	ld	hl, #0x0D08
   0106 E3            [19]  224 	ex	(sp),hl
   0107 21 02 07      [10]  225 	ld	hl,#0x0702
   010A E5            [11]  226 	push	hl
   010B CDrE9r01      [17]  227 	call	_qr
   010E F1            [10]  228 	pop	af
                            229 ;chacha.c:133: qr( 3, 4, 9,14);
   010F 21 09 0E      [10]  230 	ld	hl, #0x0E09
   0112 E3            [19]  231 	ex	(sp),hl
   0113 21 03 04      [10]  232 	ld	hl,#0x0403
   0116 E5            [11]  233 	push	hl
   0117 CDrE9r01      [17]  234 	call	_qr
   011A F1            [10]  235 	pop	af
   011B F1            [10]  236 	pop	af
                            237 ;chacha.c:124: for( i=0; i<8; i+=2 ){
   011C DD 34 FF      [23]  238 	inc	-1 (ix)
   011F DD 34 FF      [23]  239 	inc	-1 (ix)
   0122 DD 7E FF      [19]  240 	ld	a,-1 (ix)
   0125 D6 08         [ 7]  241 	sub	a, #0x08
   0127 38 92         [12]  242 	jr	C,00108$
                            243 ;chacha.c:149: for( i=0; i<64; i++ ){
   0129 1E 00         [ 7]  244 	ld	e,#0x00
   012B                     245 00110$:
                            246 ;chacha.c:150: if( 0==i%8 ) print_crlf();
   012B 7B            [ 4]  247 	ld	a,e
   012C E6 07         [ 7]  248 	and	a, #0x07
   012E 20 05         [12]  249 	jr	NZ,00104$
   0130 D5            [11]  250 	push	de
   0131 CDr57r01      [17]  251 	call	_print_crlf
   0134 D1            [10]  252 	pop	de
   0135                     253 00104$:
                            254 ;chacha.c:151: print_char( x[i] );
   0135 21r00r00      [10]  255 	ld	hl,#_x
   0138 16 00         [ 7]  256 	ld	d,#0x00
   013A 19            [11]  257 	add	hl, de
   013B 66            [ 7]  258 	ld	h,(hl)
   013C D5            [11]  259 	push	de
   013D E5            [11]  260 	push	hl
   013E 33            [ 6]  261 	inc	sp
   013F CDr5Dr01      [17]  262 	call	_print_char
   0142 33            [ 6]  263 	inc	sp
   0143 D1            [10]  264 	pop	de
                            265 ;chacha.c:149: for( i=0; i<64; i++ ){
   0144 1C            [ 4]  266 	inc	e
   0145 7B            [ 4]  267 	ld	a,e
   0146 D6 40         [ 7]  268 	sub	a, #0x40
   0148 38 E1         [12]  269 	jr	C,00110$
                            270 ;chacha.c:159: __endasm;
   014A 3E 0D         [ 7]  271 	ld a,#0x0d ; CR
   014C CD 33 00      [17]  272 	call 0x33 ; Print it
   014F 21 CC 06      [10]  273 	ld hl,#0x6cc ; BASIC command line
   0152 E9            [ 4]  274 	jp (hl)
   0153 33            [ 6]  275 	inc	sp
   0154 DD E1         [14]  276 	pop	ix
   0156 C9            [10]  277 	ret
   0157                     278 _main_end::
                            279 ;chacha.c:165: void print_crlf(){
                            280 ;	---------------------------------
                            281 ; Function print_crlf
                            282 ; ---------------------------------
   0157                     283 _print_crlf_start::
   0157                     284 _print_crlf:
                            285 ;chacha.c:169: __endasm;
   0157 3E 0D         [ 7]  286 	ld a,#0x0d ; CR
   0159 CD 33 00      [17]  287 	call 0x33 ; Print it
                            288 ;chacha.c:170: return;
   015C C9            [10]  289 	ret
   015D                     290 _print_crlf_end::
                            291 ;chacha.c:174: void print_char(unsigned char c ){
                            292 ;	---------------------------------
                            293 ; Function print_char
                            294 ; ---------------------------------
   015D                     295 _print_char_start::
   015D                     296 _print_char:
                            297 ;chacha.c:189: __endasm;
   015D FD 21 02 00   [14]  298 	ld iy,#2
   0161 FD 39         [15]  299 	add iy,sp ; first arg is at sp+2
   0163 FD 6E 00      [19]  300 	ld l,0(iy) ; arg c in hl
   0166 26 00         [ 7]  301 	ld h,#0
   0168 CD 9A 0A      [17]  302 	call #0x0a9a ; move HL to ACC
   016B 21r42r00      [10]  303 	ld hl,#_buf + 0 ; buffer for ASCII conversion
   016E CD BD 0F      [17]  304 	call #0x0fbd ; ACC to ASCII string
   0171 AF            [ 4]  305 	xor a
   0172 32 9C 40      [13]  306 	ld (#0x409c),a ; video=0
   0175 CD A7 28      [17]  307 	call #0x28a7 ; print string at cursor
   0178 3E 20         [ 7]  308 	ld a,#0x20 ; space=0x20h
   017A CD 33 00      [17]  309 	call 0x33 ; print it
                            310 ;chacha.c:190: return;
   017D C9            [10]  311 	ret
   017E                     312 _print_char_end::
                            313 ;chacha.c:195: void PLUS4( unsigned char i, unsigned char j ){
                            314 ;	---------------------------------
                            315 ; Function PLUS4
                            316 ; ---------------------------------
   017E                     317 _PLUS4_start::
   017E                     318 _PLUS4:
   017E DD E5         [15]  319 	push	ix
   0180 DD 21 00 00   [14]  320 	ld	ix,#0
   0184 DD 39         [15]  321 	add	ix,sp
   0186 21 FB FF      [10]  322 	ld	hl,#-5
   0189 39            [11]  323 	add	hl,sp
   018A F9            [ 6]  324 	ld	sp,hl
                            325 ;chacha.c:196: unsigned int carry = 0;
   018B 11 00 00      [10]  326 	ld	de,#0x0000
                            327 ;chacha.c:198: for( k=0; k<4; k++ ){
   018E DD 7E 04      [19]  328 	ld	a,4 (ix)
   0191 87            [ 4]  329 	add	a, a
   0192 87            [ 4]  330 	add	a, a
   0193 DD 77 FF      [19]  331 	ld	-1 (ix),a
   0196 DD 7E 05      [19]  332 	ld	a,5 (ix)
   0199 87            [ 4]  333 	add	a, a
   019A 87            [ 4]  334 	add	a, a
   019B DD 77 FE      [19]  335 	ld	-2 (ix),a
   019E DD 36 FB 00   [19]  336 	ld	-5 (ix),#0x00
   01A2                     337 00102$:
                            338 ;chacha.c:199: carry += x[4*i+k]+x[4*j+k];
   01A2 DD 7E FF      [19]  339 	ld	a,-1 (ix)
   01A5 DD 86 FB      [19]  340 	add	a, -5 (ix)
   01A8 C6r00         [ 7]  341 	add	a,#<(_x)
   01AA 4F            [ 4]  342 	ld	c,a
   01AB 3Es00         [ 7]  343 	ld	a,#>(_x)
   01AD CE 00         [ 7]  344 	adc	a, #0x00
   01AF 47            [ 4]  345 	ld	b,a
   01B0 0A            [ 7]  346 	ld	a,(bc)
   01B1 DD 77 FC      [19]  347 	ld	-4 (ix),a
   01B4 DD 36 FD 00   [19]  348 	ld	-3 (ix),#0x00
   01B8 DD 7E FE      [19]  349 	ld	a,-2 (ix)
   01BB DD 86 FB      [19]  350 	add	a, -5 (ix)
   01BE C6r00         [ 7]  351 	add	a,#<(_x)
   01C0 6F            [ 4]  352 	ld	l,a
   01C1 3Es00         [ 7]  353 	ld	a,#>(_x)
   01C3 CE 00         [ 7]  354 	adc	a, #0x00
   01C5 67            [ 4]  355 	ld	h,a
   01C6 6E            [ 7]  356 	ld	l,(hl)
   01C7 26 00         [ 7]  357 	ld	h,#0x00
   01C9 DD 7E FC      [19]  358 	ld	a,-4 (ix)
   01CC 85            [ 4]  359 	add	a, l
   01CD 6F            [ 4]  360 	ld	l,a
   01CE DD 7E FD      [19]  361 	ld	a,-3 (ix)
   01D1 8C            [ 4]  362 	adc	a, h
   01D2 67            [ 4]  363 	ld	h,a
   01D3 19            [11]  364 	add	hl,de
   01D4 EB            [ 4]  365 	ex	de,hl
                            366 ;chacha.c:200: x[4*i+k]=carry%256;
   01D5 7B            [ 4]  367 	ld	a, e
   01D6 02            [ 7]  368 	ld	(bc),a
                            369 ;chacha.c:201: carry>>=8;
   01D7 5A            [ 4]  370 	ld	e,d
   01D8 16 00         [ 7]  371 	ld	d,#0x00
                            372 ;chacha.c:198: for( k=0; k<4; k++ ){
   01DA DD 34 FB      [23]  373 	inc	-5 (ix)
   01DD DD 7E FB      [19]  374 	ld	a,-5 (ix)
   01E0 D6 04         [ 7]  375 	sub	a, #0x04
   01E2 38 BE         [12]  376 	jr	C,00102$
   01E4 DD F9         [10]  377 	ld	sp,ix
   01E6 DD E1         [14]  378 	pop	ix
   01E8 C9            [10]  379 	ret
   01E9                     380 _PLUS4_end::
                            381 ;chacha.c:206: void qr( unsigned char a,
                            382 ;	---------------------------------
                            383 ; Function qr
                            384 ; ---------------------------------
   01E9                     385 _qr_start::
   01E9                     386 _qr:
   01E9 DD E5         [15]  387 	push	ix
   01EB DD 21 00 00   [14]  388 	ld	ix,#0
   01EF DD 39         [15]  389 	add	ix,sp
   01F1 21 E1 FF      [10]  390 	ld	hl,#-31
   01F4 39            [11]  391 	add	hl,sp
   01F5 F9            [ 6]  392 	ld	sp,hl
                            393 ;chacha.c:210: QUARTERROUND(a,b,c,d);
   01F6 DD 66 05      [19]  394 	ld	h,5 (ix)
   01F9 DD 6E 04      [19]  395 	ld	l,4 (ix)
   01FC E5            [11]  396 	push	hl
   01FD CDr7Er01      [17]  397 	call	_PLUS4
   0200 F1            [10]  398 	pop	af
   0201 DD 7E 07      [19]  399 	ld	a,7 (ix)
   0204 87            [ 4]  400 	add	a, a
   0205 87            [ 4]  401 	add	a, a
   0206 DD 77 FF      [19]  402 	ld	-1 (ix),a
   0209 C6r00         [ 7]  403 	add	a,#<(_x)
   020B 4F            [ 4]  404 	ld	c,a
   020C 3Es00         [ 7]  405 	ld	a,#>(_x)
   020E CE 00         [ 7]  406 	adc	a, #0x00
   0210 47            [ 4]  407 	ld	b,a
   0211 0A            [ 7]  408 	ld	a,(bc)
   0212 5F            [ 4]  409 	ld	e,a
   0213 DD 7E 04      [19]  410 	ld	a,4 (ix)
   0216 87            [ 4]  411 	add	a, a
   0217 87            [ 4]  412 	add	a, a
   0218 DD 77 FE      [19]  413 	ld	-2 (ix),a
   021B C6r00         [ 7]  414 	add	a,#<(_x)
   021D DD 77 FC      [19]  415 	ld	-4 (ix),a
   0220 3Es00         [ 7]  416 	ld	a,#>(_x)
   0222 CE 00         [ 7]  417 	adc	a, #0x00
   0224 DD 77 FD      [19]  418 	ld	-3 (ix),a
   0227 DD 6E FC      [19]  419 	ld	l,-4 (ix)
   022A DD 66 FD      [19]  420 	ld	h,-3 (ix)
   022D 7E            [ 7]  421 	ld	a,(hl)
   022E AB            [ 4]  422 	xor	a, e
   022F 02            [ 7]  423 	ld	(bc),a
   0230 DD 66 FF      [19]  424 	ld	h,-1 (ix)
   0233 24            [ 4]  425 	inc	h
   0234 3Er00         [ 7]  426 	ld	a,#<(_x)
   0236 84            [ 4]  427 	add	a, h
   0237 DD 77 FA      [19]  428 	ld	-6 (ix),a
   023A 3Es00         [ 7]  429 	ld	a,#>(_x)
   023C CE 00         [ 7]  430 	adc	a, #0x00
   023E DD 77 FB      [19]  431 	ld	-5 (ix),a
   0241 DD 6E FA      [19]  432 	ld	l,-6 (ix)
   0244 DD 66 FB      [19]  433 	ld	h,-5 (ix)
   0247 5E            [ 7]  434 	ld	e,(hl)
   0248 DD 6E FE      [19]  435 	ld	l,-2 (ix)
   024B 2C            [ 4]  436 	inc	l
   024C 3Er00         [ 7]  437 	ld	a,#<(_x)
   024E 85            [ 4]  438 	add	a, l
   024F DD 77 F8      [19]  439 	ld	-8 (ix),a
   0252 3Es00         [ 7]  440 	ld	a,#>(_x)
   0254 CE 00         [ 7]  441 	adc	a, #0x00
   0256 DD 77 F9      [19]  442 	ld	-7 (ix),a
   0259 DD 6E F8      [19]  443 	ld	l,-8 (ix)
   025C DD 66 F9      [19]  444 	ld	h,-7 (ix)
   025F 7E            [ 7]  445 	ld	a,(hl)
   0260 AB            [ 4]  446 	xor	a, e
   0261 DD 6E FA      [19]  447 	ld	l,-6 (ix)
   0264 DD 66 FB      [19]  448 	ld	h,-5 (ix)
   0267 77            [ 7]  449 	ld	(hl),a
   0268 DD 66 FF      [19]  450 	ld	h,-1 (ix)
   026B 24            [ 4]  451 	inc	h
   026C 24            [ 4]  452 	inc	h
   026D 3Er00         [ 7]  453 	ld	a,#<(_x)
   026F 84            [ 4]  454 	add	a, h
   0270 DD 77 F6      [19]  455 	ld	-10 (ix),a
   0273 3Es00         [ 7]  456 	ld	a,#>(_x)
   0275 CE 00         [ 7]  457 	adc	a, #0x00
   0277 DD 77 F7      [19]  458 	ld	-9 (ix),a
   027A DD 6E F6      [19]  459 	ld	l,-10 (ix)
   027D DD 66 F7      [19]  460 	ld	h,-9 (ix)
   0280 5E            [ 7]  461 	ld	e,(hl)
   0281 DD 6E FE      [19]  462 	ld	l,-2 (ix)
   0284 2C            [ 4]  463 	inc	l
   0285 2C            [ 4]  464 	inc	l
   0286 3Er00         [ 7]  465 	ld	a,#<(_x)
   0288 85            [ 4]  466 	add	a, l
   0289 DD 77 F4      [19]  467 	ld	-12 (ix),a
   028C 3Es00         [ 7]  468 	ld	a,#>(_x)
   028E CE 00         [ 7]  469 	adc	a, #0x00
   0290 DD 77 F5      [19]  470 	ld	-11 (ix),a
   0293 DD 6E F4      [19]  471 	ld	l,-12 (ix)
   0296 DD 66 F5      [19]  472 	ld	h,-11 (ix)
   0299 7E            [ 7]  473 	ld	a,(hl)
   029A AB            [ 4]  474 	xor	a, e
   029B 5F            [ 4]  475 	ld	e,a
   029C DD 6E F6      [19]  476 	ld	l,-10 (ix)
   029F DD 66 F7      [19]  477 	ld	h,-9 (ix)
   02A2 73            [ 7]  478 	ld	(hl),e
   02A3 DD 66 FF      [19]  479 	ld	h,-1 (ix)
   02A6 24            [ 4]  480 	inc	h
   02A7 24            [ 4]  481 	inc	h
   02A8 24            [ 4]  482 	inc	h
   02A9 3Er00         [ 7]  483 	ld	a,#<(_x)
   02AB 84            [ 4]  484 	add	a, h
   02AC DD 77 F2      [19]  485 	ld	-14 (ix),a
   02AF 3Es00         [ 7]  486 	ld	a,#>(_x)
   02B1 CE 00         [ 7]  487 	adc	a, #0x00
   02B3 DD 77 F3      [19]  488 	ld	-13 (ix),a
   02B6 DD 6E F2      [19]  489 	ld	l,-14 (ix)
   02B9 DD 66 F3      [19]  490 	ld	h,-13 (ix)
   02BC 7E            [ 7]  491 	ld	a,(hl)
   02BD DD 77 FF      [19]  492 	ld	-1 (ix),a
   02C0 DD 6E FE      [19]  493 	ld	l,-2 (ix)
   02C3 2C            [ 4]  494 	inc	l
   02C4 2C            [ 4]  495 	inc	l
   02C5 2C            [ 4]  496 	inc	l
   02C6 3Er00         [ 7]  497 	ld	a,#<(_x)
   02C8 85            [ 4]  498 	add	a, l
   02C9 DD 77 F0      [19]  499 	ld	-16 (ix),a
   02CC 3Es00         [ 7]  500 	ld	a,#>(_x)
   02CE CE 00         [ 7]  501 	adc	a, #0x00
   02D0 DD 77 F1      [19]  502 	ld	-15 (ix),a
   02D3 DD 6E F0      [19]  503 	ld	l,-16 (ix)
   02D6 DD 66 F1      [19]  504 	ld	h,-15 (ix)
   02D9 7E            [ 7]  505 	ld	a,(hl)
   02DA DD AE FF      [19]  506 	xor	a, -1 (ix)
   02DD DD 6E F2      [19]  507 	ld	l,-14 (ix)
   02E0 DD 66 F3      [19]  508 	ld	h,-13 (ix)
   02E3 77            [ 7]  509 	ld	(hl),a
   02E4 21r40r00      [10]  510 	ld	hl,#_t_a + 0
   02E7 73            [ 7]  511 	ld	(hl), e
   02E8 DD 6E F2      [19]  512 	ld	l,-14 (ix)
   02EB DD 66 F3      [19]  513 	ld	h,-13 (ix)
   02EE 7E            [ 7]  514 	ld	a,(hl)
   02EF 32r41r00      [13]  515 	ld	(#_t_b + 0),a
   02F2 0A            [ 7]  516 	ld	a,(bc)
   02F3 DD 6E F6      [19]  517 	ld	l,-10 (ix)
   02F6 DD 66 F7      [19]  518 	ld	h,-9 (ix)
   02F9 77            [ 7]  519 	ld	(hl),a
   02FA DD 6E FA      [19]  520 	ld	l,-6 (ix)
   02FD DD 66 FB      [19]  521 	ld	h,-5 (ix)
   0300 7E            [ 7]  522 	ld	a,(hl)
   0301 DD 6E F2      [19]  523 	ld	l,-14 (ix)
   0304 DD 66 F3      [19]  524 	ld	h,-13 (ix)
   0307 77            [ 7]  525 	ld	(hl),a
   0308 3Ar40r00      [13]  526 	ld	a,(#_t_a + 0)
   030B 02            [ 7]  527 	ld	(bc),a
   030C DD 6E FA      [19]  528 	ld	l,-6 (ix)
   030F DD 66 FB      [19]  529 	ld	h,-5 (ix)
   0312 3Ar41r00      [13]  530 	ld	a,(#_t_b + 0)
   0315 77            [ 7]  531 	ld	(hl),a
   0316 C5            [11]  532 	push	bc
   0317 DD 66 07      [19]  533 	ld	h,7 (ix)
   031A DD 6E 06      [19]  534 	ld	l,6 (ix)
   031D E5            [11]  535 	push	hl
   031E CDr7Er01      [17]  536 	call	_PLUS4
   0321 F1            [10]  537 	pop	af
   0322 C1            [10]  538 	pop	bc
   0323 DD 7E 05      [19]  539 	ld	a,5 (ix)
   0326 87            [ 4]  540 	add	a, a
   0327 87            [ 4]  541 	add	a, a
   0328 DD 77 FE      [19]  542 	ld	-2 (ix),a
   032B C6r00         [ 7]  543 	add	a,#<(_x)
   032D DD 77 EE      [19]  544 	ld	-18 (ix),a
   0330 3Es00         [ 7]  545 	ld	a,#>(_x)
   0332 CE 00         [ 7]  546 	adc	a, #0x00
   0334 DD 77 EF      [19]  547 	ld	-17 (ix),a
   0337 DD 6E EE      [19]  548 	ld	l,-18 (ix)
   033A DD 66 EF      [19]  549 	ld	h,-17 (ix)
   033D 5E            [ 7]  550 	ld	e,(hl)
   033E DD 7E 06      [19]  551 	ld	a,6 (ix)
   0341 87            [ 4]  552 	add	a, a
   0342 87            [ 4]  553 	add	a, a
   0343 DD 77 FF      [19]  554 	ld	-1 (ix),a
   0346 C6r00         [ 7]  555 	add	a,#<(_x)
   0348 DD 77 EC      [19]  556 	ld	-20 (ix),a
   034B 3Es00         [ 7]  557 	ld	a,#>(_x)
   034D CE 00         [ 7]  558 	adc	a, #0x00
   034F DD 77 ED      [19]  559 	ld	-19 (ix),a
   0352 DD 6E EC      [19]  560 	ld	l,-20 (ix)
   0355 DD 66 ED      [19]  561 	ld	h,-19 (ix)
   0358 7E            [ 7]  562 	ld	a,(hl)
   0359 AB            [ 4]  563 	xor	a, e
   035A DD 6E EE      [19]  564 	ld	l,-18 (ix)
   035D DD 66 EF      [19]  565 	ld	h,-17 (ix)
   0360 77            [ 7]  566 	ld	(hl),a
   0361 DD 66 FE      [19]  567 	ld	h,-2 (ix)
   0364 24            [ 4]  568 	inc	h
   0365 3Er00         [ 7]  569 	ld	a,#<(_x)
   0367 84            [ 4]  570 	add	a, h
   0368 5F            [ 4]  571 	ld	e,a
   0369 3Es00         [ 7]  572 	ld	a,#>(_x)
   036B CE 00         [ 7]  573 	adc	a, #0x00
   036D 57            [ 4]  574 	ld	d,a
   036E 1A            [ 7]  575 	ld	a,(de)
   036F DD 77 EB      [19]  576 	ld	-21 (ix),a
   0372 DD 66 FF      [19]  577 	ld	h,-1 (ix)
   0375 24            [ 4]  578 	inc	h
   0376 3Er00         [ 7]  579 	ld	a,#<(_x)
   0378 84            [ 4]  580 	add	a, h
   0379 DD 77 E9      [19]  581 	ld	-23 (ix),a
   037C 3Es00         [ 7]  582 	ld	a,#>(_x)
   037E CE 00         [ 7]  583 	adc	a, #0x00
   0380 DD 77 EA      [19]  584 	ld	-22 (ix),a
   0383 DD 6E E9      [19]  585 	ld	l,-23 (ix)
   0386 DD 66 EA      [19]  586 	ld	h,-22 (ix)
   0389 7E            [ 7]  587 	ld	a,(hl)
   038A DD AE EB      [19]  588 	xor	a, -21 (ix)
   038D 12            [ 7]  589 	ld	(de),a
   038E DD 66 FE      [19]  590 	ld	h,-2 (ix)
   0391 24            [ 4]  591 	inc	h
   0392 24            [ 4]  592 	inc	h
   0393 3Er00         [ 7]  593 	ld	a,#<(_x)
   0395 84            [ 4]  594 	add	a, h
   0396 DD 77 E7      [19]  595 	ld	-25 (ix),a
   0399 3Es00         [ 7]  596 	ld	a,#>(_x)
   039B CE 00         [ 7]  597 	adc	a, #0x00
   039D DD 77 E8      [19]  598 	ld	-24 (ix),a
   03A0 DD 6E E7      [19]  599 	ld	l,-25 (ix)
   03A3 DD 66 E8      [19]  600 	ld	h,-24 (ix)
   03A6 7E            [ 7]  601 	ld	a,(hl)
   03A7 DD 77 EB      [19]  602 	ld	-21 (ix),a
   03AA DD 66 FF      [19]  603 	ld	h,-1 (ix)
   03AD 24            [ 4]  604 	inc	h
   03AE 24            [ 4]  605 	inc	h
   03AF 3Er00         [ 7]  606 	ld	a,#<(_x)
   03B1 84            [ 4]  607 	add	a, h
   03B2 DD 77 E5      [19]  608 	ld	-27 (ix),a
   03B5 3Es00         [ 7]  609 	ld	a,#>(_x)
   03B7 CE 00         [ 7]  610 	adc	a, #0x00
   03B9 DD 77 E6      [19]  611 	ld	-26 (ix),a
   03BC DD 6E E5      [19]  612 	ld	l,-27 (ix)
   03BF DD 66 E6      [19]  613 	ld	h,-26 (ix)
   03C2 7E            [ 7]  614 	ld	a,(hl)
   03C3 DD AE EB      [19]  615 	xor	a, -21 (ix)
   03C6 DD 6E E7      [19]  616 	ld	l,-25 (ix)
   03C9 DD 66 E8      [19]  617 	ld	h,-24 (ix)
   03CC 77            [ 7]  618 	ld	(hl),a
   03CD DD 66 FE      [19]  619 	ld	h,-2 (ix)
   03D0 24            [ 4]  620 	inc	h
   03D1 24            [ 4]  621 	inc	h
   03D2 24            [ 4]  622 	inc	h
   03D3 3Er00         [ 7]  623 	ld	a,#<(_x)
   03D5 84            [ 4]  624 	add	a, h
   03D6 DD 77 E3      [19]  625 	ld	-29 (ix),a
   03D9 3Es00         [ 7]  626 	ld	a,#>(_x)
   03DB CE 00         [ 7]  627 	adc	a, #0x00
   03DD DD 77 E4      [19]  628 	ld	-28 (ix),a
   03E0 DD 6E E3      [19]  629 	ld	l,-29 (ix)
   03E3 DD 66 E4      [19]  630 	ld	h,-28 (ix)
   03E6 7E            [ 7]  631 	ld	a,(hl)
   03E7 DD 77 EB      [19]  632 	ld	-21 (ix),a
   03EA DD 66 FF      [19]  633 	ld	h,-1 (ix)
   03ED 24            [ 4]  634 	inc	h
   03EE 24            [ 4]  635 	inc	h
   03EF 24            [ 4]  636 	inc	h
   03F0 3Er00         [ 7]  637 	ld	a,#<(_x)
   03F2 84            [ 4]  638 	add	a, h
   03F3 DD 77 E1      [19]  639 	ld	-31 (ix),a
   03F6 3Es00         [ 7]  640 	ld	a,#>(_x)
   03F8 CE 00         [ 7]  641 	adc	a, #0x00
   03FA DD 77 E2      [19]  642 	ld	-30 (ix),a
   03FD E1            [10]  643 	pop	hl
   03FE E5            [11]  644 	push	hl
   03FF 7E            [ 7]  645 	ld	a,(hl)
   0400 DD AE EB      [19]  646 	xor	a, -21 (ix)
   0403 DD 6E E3      [19]  647 	ld	l,-29 (ix)
   0406 DD 66 E4      [19]  648 	ld	h,-28 (ix)
   0409 77            [ 7]  649 	ld	(hl),a
   040A 07            [ 4]  650 	rlca
   040B 07            [ 4]  651 	rlca
   040C 07            [ 4]  652 	rlca
   040D 07            [ 4]  653 	rlca
   040E E6 0F         [ 7]  654 	and	a,#0x0F
   0410 32r40r00      [13]  655 	ld	(#_t_a + 0),a
   0413 DD 6E E3      [19]  656 	ld	l,-29 (ix)
   0416 DD 66 E4      [19]  657 	ld	h,-28 (ix)
   0419 7E            [ 7]  658 	ld	a,(hl)
   041A 07            [ 4]  659 	rlca
   041B 07            [ 4]  660 	rlca
   041C 07            [ 4]  661 	rlca
   041D 07            [ 4]  662 	rlca
   041E E6 F0         [ 7]  663 	and	a,#0xF0
   0420 DD 77 EB      [19]  664 	ld	-21 (ix),a
   0423 DD 6E E7      [19]  665 	ld	l,-25 (ix)
   0426 DD 66 E8      [19]  666 	ld	h,-24 (ix)
   0429 7E            [ 7]  667 	ld	a,(hl)
   042A 07            [ 4]  668 	rlca
   042B 07            [ 4]  669 	rlca
   042C 07            [ 4]  670 	rlca
   042D 07            [ 4]  671 	rlca
   042E E6 0F         [ 7]  672 	and	a,#0x0F
   0430 DD B6 EB      [19]  673 	or	a, -21 (ix)
   0433 DD 77 EB      [19]  674 	ld	-21 (ix),a
   0436 DD 6E E3      [19]  675 	ld	l,-29 (ix)
   0439 DD 66 E4      [19]  676 	ld	h,-28 (ix)
   043C DD 7E EB      [19]  677 	ld	a,-21 (ix)
   043F 77            [ 7]  678 	ld	(hl),a
   0440 DD 6E E7      [19]  679 	ld	l,-25 (ix)
   0443 DD 66 E8      [19]  680 	ld	h,-24 (ix)
   0446 7E            [ 7]  681 	ld	a,(hl)
   0447 07            [ 4]  682 	rlca
   0448 07            [ 4]  683 	rlca
   0449 07            [ 4]  684 	rlca
   044A 07            [ 4]  685 	rlca
   044B E6 F0         [ 7]  686 	and	a,#0xF0
   044D DD 77 FE      [19]  687 	ld	-2 (ix),a
   0450 1A            [ 7]  688 	ld	a,(de)
   0451 07            [ 4]  689 	rlca
   0452 07            [ 4]  690 	rlca
   0453 07            [ 4]  691 	rlca
   0454 07            [ 4]  692 	rlca
   0455 E6 0F         [ 7]  693 	and	a,#0x0F
   0457 DD B6 FE      [19]  694 	or	a, -2 (ix)
   045A DD 6E E7      [19]  695 	ld	l,-25 (ix)
   045D DD 66 E8      [19]  696 	ld	h,-24 (ix)
   0460 77            [ 7]  697 	ld	(hl),a
   0461 1A            [ 7]  698 	ld	a,(de)
   0462 07            [ 4]  699 	rlca
   0463 07            [ 4]  700 	rlca
   0464 07            [ 4]  701 	rlca
   0465 07            [ 4]  702 	rlca
   0466 E6 F0         [ 7]  703 	and	a,#0xF0
   0468 DD 77 FE      [19]  704 	ld	-2 (ix),a
   046B DD 6E EE      [19]  705 	ld	l,-18 (ix)
   046E DD 66 EF      [19]  706 	ld	h,-17 (ix)
   0471 7E            [ 7]  707 	ld	a,(hl)
   0472 07            [ 4]  708 	rlca
   0473 07            [ 4]  709 	rlca
   0474 07            [ 4]  710 	rlca
   0475 07            [ 4]  711 	rlca
   0476 E6 0F         [ 7]  712 	and	a,#0x0F
   0478 DD B6 FE      [19]  713 	or	a, -2 (ix)
   047B 12            [ 7]  714 	ld	(de),a
   047C DD 6E EE      [19]  715 	ld	l,-18 (ix)
   047F DD 66 EF      [19]  716 	ld	h,-17 (ix)
   0482 7E            [ 7]  717 	ld	a,(hl)
   0483 07            [ 4]  718 	rlca
   0484 07            [ 4]  719 	rlca
   0485 07            [ 4]  720 	rlca
   0486 07            [ 4]  721 	rlca
   0487 E6 F0         [ 7]  722 	and	a,#0xF0
   0489 21r40r00      [10]  723 	ld	hl,#_t_a + 0
   048C B6            [ 7]  724 	or	a,(hl)
   048D DD 6E EE      [19]  725 	ld	l,-18 (ix)
   0490 DD 66 EF      [19]  726 	ld	h,-17 (ix)
   0493 77            [ 7]  727 	ld	(hl),a
   0494 DD 7E EB      [19]  728 	ld	a,-21 (ix)
   0497 32r40r00      [13]  729 	ld	(#_t_a + 0),a
   049A DD 6E E7      [19]  730 	ld	l,-25 (ix)
   049D DD 66 E8      [19]  731 	ld	h,-24 (ix)
   04A0 7E            [ 7]  732 	ld	a,(hl)
   04A1 DD 6E E3      [19]  733 	ld	l,-29 (ix)
   04A4 DD 66 E4      [19]  734 	ld	h,-28 (ix)
   04A7 77            [ 7]  735 	ld	(hl),a
   04A8 1A            [ 7]  736 	ld	a,(de)
   04A9 DD 6E E7      [19]  737 	ld	l,-25 (ix)
   04AC DD 66 E8      [19]  738 	ld	h,-24 (ix)
   04AF 77            [ 7]  739 	ld	(hl),a
   04B0 DD 6E EE      [19]  740 	ld	l,-18 (ix)
   04B3 DD 66 EF      [19]  741 	ld	h,-17 (ix)
   04B6 7E            [ 7]  742 	ld	a,(hl)
   04B7 12            [ 7]  743 	ld	(de),a
   04B8 DD 6E EE      [19]  744 	ld	l,-18 (ix)
   04BB DD 66 EF      [19]  745 	ld	h,-17 (ix)
   04BE 3Ar40r00      [13]  746 	ld	a,(#_t_a + 0)
   04C1 77            [ 7]  747 	ld	(hl),a
   04C2 C5            [11]  748 	push	bc
   04C3 D5            [11]  749 	push	de
   04C4 DD 66 05      [19]  750 	ld	h,5 (ix)
   04C7 DD 6E 04      [19]  751 	ld	l,4 (ix)
   04CA E5            [11]  752 	push	hl
   04CB CDr7Er01      [17]  753 	call	_PLUS4
   04CE F1            [10]  754 	pop	af
   04CF D1            [10]  755 	pop	de
   04D0 C1            [10]  756 	pop	bc
   04D1 0A            [ 7]  757 	ld	a,(bc)
   04D2 DD 6E FC      [19]  758 	ld	l,-4 (ix)
   04D5 DD 66 FD      [19]  759 	ld	h,-3 (ix)
   04D8 66            [ 7]  760 	ld	h,(hl)
   04D9 AC            [ 4]  761 	xor	a, h
   04DA 02            [ 7]  762 	ld	(bc),a
   04DB DD 6E FA      [19]  763 	ld	l,-6 (ix)
   04DE DD 66 FB      [19]  764 	ld	h,-5 (ix)
   04E1 7E            [ 7]  765 	ld	a,(hl)
   04E2 DD 6E F8      [19]  766 	ld	l,-8 (ix)
   04E5 DD 66 F9      [19]  767 	ld	h,-7 (ix)
   04E8 66            [ 7]  768 	ld	h,(hl)
   04E9 AC            [ 4]  769 	xor	a, h
   04EA DD 6E FA      [19]  770 	ld	l,-6 (ix)
   04ED DD 66 FB      [19]  771 	ld	h,-5 (ix)
   04F0 77            [ 7]  772 	ld	(hl),a
   04F1 DD 6E F6      [19]  773 	ld	l,-10 (ix)
   04F4 DD 66 F7      [19]  774 	ld	h,-9 (ix)
   04F7 7E            [ 7]  775 	ld	a,(hl)
   04F8 DD 6E F4      [19]  776 	ld	l,-12 (ix)
   04FB DD 66 F5      [19]  777 	ld	h,-11 (ix)
   04FE 66            [ 7]  778 	ld	h,(hl)
   04FF AC            [ 4]  779 	xor	a, h
   0500 DD 6E F6      [19]  780 	ld	l,-10 (ix)
   0503 DD 66 F7      [19]  781 	ld	h,-9 (ix)
   0506 77            [ 7]  782 	ld	(hl),a
   0507 DD 6E F2      [19]  783 	ld	l,-14 (ix)
   050A DD 66 F3      [19]  784 	ld	h,-13 (ix)
   050D 7E            [ 7]  785 	ld	a,(hl)
   050E DD 6E F0      [19]  786 	ld	l,-16 (ix)
   0511 DD 66 F1      [19]  787 	ld	h,-15 (ix)
   0514 66            [ 7]  788 	ld	h,(hl)
   0515 AC            [ 4]  789 	xor	a, h
   0516 DD 6E F2      [19]  790 	ld	l,-14 (ix)
   0519 DD 66 F3      [19]  791 	ld	h,-13 (ix)
   051C 77            [ 7]  792 	ld	(hl),a
   051D 32r40r00      [13]  793 	ld	(#_t_a + 0),a
   0520 DD 6E F6      [19]  794 	ld	l,-10 (ix)
   0523 DD 66 F7      [19]  795 	ld	h,-9 (ix)
   0526 7E            [ 7]  796 	ld	a,(hl)
   0527 DD 6E F2      [19]  797 	ld	l,-14 (ix)
   052A DD 66 F3      [19]  798 	ld	h,-13 (ix)
   052D 77            [ 7]  799 	ld	(hl),a
   052E DD 6E FA      [19]  800 	ld	l,-6 (ix)
   0531 DD 66 FB      [19]  801 	ld	h,-5 (ix)
   0534 7E            [ 7]  802 	ld	a,(hl)
   0535 DD 6E F6      [19]  803 	ld	l,-10 (ix)
   0538 DD 66 F7      [19]  804 	ld	h,-9 (ix)
   053B 77            [ 7]  805 	ld	(hl),a
   053C 0A            [ 7]  806 	ld	a,(bc)
   053D DD 6E FA      [19]  807 	ld	l,-6 (ix)
   0540 DD 66 FB      [19]  808 	ld	h,-5 (ix)
   0543 77            [ 7]  809 	ld	(hl),a
   0544 3Ar40r00      [13]  810 	ld	a,(#_t_a + 0)
   0547 02            [ 7]  811 	ld	(bc),a
   0548 D5            [11]  812 	push	de
   0549 DD 66 07      [19]  813 	ld	h,7 (ix)
   054C DD 6E 06      [19]  814 	ld	l,6 (ix)
   054F E5            [11]  815 	push	hl
   0550 CDr7Er01      [17]  816 	call	_PLUS4
   0553 F1            [10]  817 	pop	af
   0554 D1            [10]  818 	pop	de
   0555 DD 6E EE      [19]  819 	ld	l,-18 (ix)
   0558 DD 66 EF      [19]  820 	ld	h,-17 (ix)
   055B 7E            [ 7]  821 	ld	a,(hl)
   055C DD 6E EC      [19]  822 	ld	l,-20 (ix)
   055F DD 66 ED      [19]  823 	ld	h,-19 (ix)
   0562 66            [ 7]  824 	ld	h,(hl)
   0563 AC            [ 4]  825 	xor	a, h
   0564 DD 6E EE      [19]  826 	ld	l,-18 (ix)
   0567 DD 66 EF      [19]  827 	ld	h,-17 (ix)
   056A 77            [ 7]  828 	ld	(hl),a
   056B 1A            [ 7]  829 	ld	a,(de)
   056C DD 6E E9      [19]  830 	ld	l,-23 (ix)
   056F DD 66 EA      [19]  831 	ld	h,-22 (ix)
   0572 66            [ 7]  832 	ld	h,(hl)
   0573 AC            [ 4]  833 	xor	a, h
   0574 12            [ 7]  834 	ld	(de),a
   0575 DD 6E E7      [19]  835 	ld	l,-25 (ix)
   0578 DD 66 E8      [19]  836 	ld	h,-24 (ix)
   057B 7E            [ 7]  837 	ld	a,(hl)
   057C DD 6E E5      [19]  838 	ld	l,-27 (ix)
   057F DD 66 E6      [19]  839 	ld	h,-26 (ix)
   0582 66            [ 7]  840 	ld	h,(hl)
   0583 AC            [ 4]  841 	xor	a, h
   0584 DD 6E E7      [19]  842 	ld	l,-25 (ix)
   0587 DD 66 E8      [19]  843 	ld	h,-24 (ix)
   058A 77            [ 7]  844 	ld	(hl),a
   058B DD 6E E3      [19]  845 	ld	l,-29 (ix)
   058E DD 66 E4      [19]  846 	ld	h,-28 (ix)
   0591 7E            [ 7]  847 	ld	a,(hl)
   0592 E1            [10]  848 	pop	hl
   0593 E5            [11]  849 	push	hl
   0594 66            [ 7]  850 	ld	h,(hl)
   0595 AC            [ 4]  851 	xor	a, h
   0596 DD 6E E3      [19]  852 	ld	l,-29 (ix)
   0599 DD 66 E4      [19]  853 	ld	h,-28 (ix)
   059C 77            [ 7]  854 	ld	(hl),a
   059D CB 3F         [ 8]  855 	srl	a
   059F 32r40r00      [13]  856 	ld	(#_t_a + 0),a
   05A2 DD 6E E3      [19]  857 	ld	l,-29 (ix)
   05A5 DD 66 E4      [19]  858 	ld	h,-28 (ix)
   05A8 7E            [ 7]  859 	ld	a,(hl)
   05A9 0F            [ 4]  860 	rrca
   05AA E6 80         [ 7]  861 	and	a,#0x80
   05AC 47            [ 4]  862 	ld	b,a
   05AD DD 6E E7      [19]  863 	ld	l,-25 (ix)
   05B0 DD 66 E8      [19]  864 	ld	h,-24 (ix)
   05B3 7E            [ 7]  865 	ld	a,(hl)
   05B4 CB 3F         [ 8]  866 	srl	a
   05B6 B0            [ 4]  867 	or	a, b
   05B7 DD 6E E3      [19]  868 	ld	l,-29 (ix)
   05BA DD 66 E4      [19]  869 	ld	h,-28 (ix)
   05BD 77            [ 7]  870 	ld	(hl),a
   05BE DD 6E E7      [19]  871 	ld	l,-25 (ix)
   05C1 DD 66 E8      [19]  872 	ld	h,-24 (ix)
   05C4 7E            [ 7]  873 	ld	a,(hl)
   05C5 0F            [ 4]  874 	rrca
   05C6 E6 80         [ 7]  875 	and	a,#0x80
   05C8 47            [ 4]  876 	ld	b,a
   05C9 1A            [ 7]  877 	ld	a,(de)
   05CA CB 3F         [ 8]  878 	srl	a
   05CC B0            [ 4]  879 	or	a, b
   05CD DD 6E E7      [19]  880 	ld	l,-25 (ix)
   05D0 DD 66 E8      [19]  881 	ld	h,-24 (ix)
   05D3 77            [ 7]  882 	ld	(hl),a
   05D4 1A            [ 7]  883 	ld	a,(de)
   05D5 0F            [ 4]  884 	rrca
   05D6 E6 80         [ 7]  885 	and	a,#0x80
   05D8 47            [ 4]  886 	ld	b,a
   05D9 DD 6E EE      [19]  887 	ld	l,-18 (ix)
   05DC DD 66 EF      [19]  888 	ld	h,-17 (ix)
   05DF 7E            [ 7]  889 	ld	a,(hl)
   05E0 CB 3F         [ 8]  890 	srl	a
   05E2 B0            [ 4]  891 	or	a, b
   05E3 12            [ 7]  892 	ld	(de),a
   05E4 DD 6E EE      [19]  893 	ld	l,-18 (ix)
   05E7 DD 66 EF      [19]  894 	ld	h,-17 (ix)
   05EA 7E            [ 7]  895 	ld	a,(hl)
   05EB 0F            [ 4]  896 	rrca
   05EC E6 80         [ 7]  897 	and	a,#0x80
   05EE 21r40r00      [10]  898 	ld	hl,#_t_a + 0
   05F1 B6            [ 7]  899 	or	a,(hl)
   05F2 DD 6E EE      [19]  900 	ld	l,-18 (ix)
   05F5 DD 66 EF      [19]  901 	ld	h,-17 (ix)
   05F8 77            [ 7]  902 	ld	(hl),a
   05F9 DD F9         [10]  903 	ld	sp,ix
   05FB DD E1         [14]  904 	pop	ix
   05FD C9            [10]  905 	ret
   05FE                     906 _qr_end::
                            907 	.area _CODE
                            908 	.area _INITIALIZER
                            909 	.area _CABS (ABS)
